[2020-02-06T13:12:12.779282+03:00] app.INFO: Home page action dispatched [] {"uid":"9cb67e6"}
[2020-02-06T13:13:03.230046+03:00] app.INFO: Home page action dispatched [] {"uid":"bf12941"}
[2020-02-06T13:33:33.529666+03:00] app.INFO: Home page action dispatched [] {"uid":"a5461cb"}
[2020-02-06T13:34:08.700761+03:00] app.INFO: Home page action dispatched [] {"uid":"4e861c6"}
[2020-02-06T13:34:45.506635+03:00] app.INFO: Home page action dispatched [] {"uid":"6f1130e"}
[2020-02-06T13:36:35.705989+03:00] app.INFO: Home page action dispatched [] {"uid":"993a8e3"}
[2020-02-06T13:37:38.866788+03:00] app.INFO: Home page action dispatched [] {"uid":"6a4efc1"}
[2020-02-06T13:45:19.787399+03:00] app.INFO: Home page action dispatched [] {"uid":"1c7c8fd"}
[2020-02-06T16:30:31.580101+03:00] app.INFO: Home page action dispatched [] {"uid":"82c671b"}
[2020-02-06T16:31:41.614948+03:00] app.INFO: Home page action dispatched [] {"uid":"cbcbd72"}
[2020-02-06T16:33:29.704134+03:00] app.INFO: Home page action dispatched [] {"uid":"133f70f"}
[2020-02-06T16:33:55.240137+03:00] app.INFO: Home page action dispatched [] {"uid":"906f226"}
[2020-02-06T16:34:14.034140+03:00] app.INFO: Home page action dispatched [] {"uid":"8f0675f"}
[2020-02-06T20:54:42.700691+03:00] app.INFO: Home page action dispatched [] {"uid":"f86feca"}
[2020-02-06T20:54:59.080550+03:00] app.INFO: Home page action dispatched [] {"uid":"17307e9"}
[2020-02-06T21:05:22.534749+03:00] app.INFO: Home page action dispatched [] {"uid":"efdebfd"}
[2020-02-06T21:05:23.071917+03:00] app.INFO: Home page action dispatched [] {"uid":"7c39bee"}
[2020-02-06T21:12:28.768537+03:00] app.INFO: Home page action dispatched [] {"uid":"b35b1ca"}
[2020-02-06T21:12:43.473270+03:00] app.INFO: Home page action dispatched [] {"uid":"efb11e3"}
[2020-02-06T21:23:53.649545+03:00] app.INFO: Home page action dispatched [] {"uid":"c08a0fd"}
[2020-02-06T21:23:54.582020+03:00] app.INFO: Home page action dispatched [] {"uid":"af7faa3"}
[2020-02-06T21:24:35.140928+03:00] app.INFO: Home page action dispatched [] {"uid":"04e7add"}
[2020-02-06T21:24:35.885371+03:00] app.INFO: Home page action dispatched [] {"uid":"1fcf4c3"}
[2020-02-06T21:24:45.470618+03:00] app.INFO: Home page action dispatched [] {"uid":"0247f5a"}
[2020-02-06T21:25:31.012753+03:00] app.INFO: Home page action dispatched [] {"uid":"68a7cd8"}
[2020-02-06T21:27:19.443005+03:00] app.INFO: Home page action dispatched [] {"uid":"b7df8bd"}
[2020-02-06T21:28:14.596330+03:00] app.INFO: Home page action dispatched [] {"uid":"9752423"}
[2020-02-06T21:28:17.415052+03:00] app.INFO: Home page action dispatched [] {"uid":"013b995"}
[2020-02-06T21:28:17.973776+03:00] app.INFO: Home page action dispatched [] {"uid":"53de599"}
[2020-02-06T21:28:43.184080+03:00] app.INFO: Home page action dispatched [] {"uid":"f4c3a09"}
[2020-02-06T21:28:44.274218+03:00] app.INFO: Home page action dispatched [] {"uid":"727b652"}
[2020-02-06T21:30:03.391962+03:00] app.INFO: Home page action dispatched [] {"uid":"b88c08d"}
[2020-02-06T21:30:12.025423+03:00] app.INFO: Home page action dispatched [] {"uid":"2771841"}
[2020-02-06T21:30:14.642021+03:00] app.INFO: Home page action dispatched [] {"uid":"f26fdad"}
[2020-02-06T21:30:26.553802+03:00] app.INFO: Home page action dispatched [] {"uid":"48265a4"}
[2020-02-06T21:31:01.199590+03:00] app.INFO: Home page action dispatched [] {"uid":"dc39562"}
[2020-02-06T21:31:21.713526+03:00] app.INFO: Home page action dispatched [] {"uid":"2e49ce9"}
[2020-02-06T21:32:16.812150+03:00] app.INFO: Home page action dispatched [] {"uid":"a89d230"}
[2020-02-06T21:32:17.551294+03:00] app.INFO: Home page action dispatched [] {"uid":"6a01961"}
[2020-02-06T21:32:28.371085+03:00] app.INFO: Home page action dispatched [] {"uid":"0c3bbcf"}
[2020-02-06T21:32:29.276930+03:00] app.INFO: Home page action dispatched [] {"uid":"5f8b1c7"}
[2020-02-06T21:32:34.000918+03:00] app.INFO: Home page action dispatched [] {"uid":"e1e2b1b"}
[2020-02-06T21:32:34.881764+03:00] app.INFO: Home page action dispatched [] {"uid":"6d06908"}
[2020-02-06T21:33:15.748196+03:00] app.INFO: Home page action dispatched [] {"uid":"436f414"}
[2020-02-06T21:33:59.523182+03:00] app.INFO: Home page action dispatched [] {"uid":"ecfb703"}
[2020-02-06T21:35:05.124317+03:00] app.INFO: Home page action dispatched [] {"uid":"41ab540"}
[2020-02-06T21:35:06.055635+03:00] app.INFO: Home page action dispatched [] {"uid":"736ac9a"}
[2020-02-06T21:36:10.352568+03:00] app.INFO: Home page action dispatched [] {"uid":"3537450"}
[2020-02-06T21:36:44.281079+03:00] app.INFO: Home page action dispatched [] {"uid":"232e2a4"}
[2020-02-06T21:36:45.225103+03:00] app.INFO: Home page action dispatched [] {"uid":"0b8afc7"}
[2020-02-06T21:38:19.830541+03:00] app.INFO: Home page action dispatched [] {"uid":"4e923ad"}
[2020-02-06T21:41:24.479464+03:00] app.INFO: Home page action dispatched [] {"uid":"21962bf"}
[2020-02-06T21:41:38.370768+03:00] app.INFO: Home page action dispatched [] {"uid":"0772ad8"}
[2020-02-06T21:41:44.384700+03:00] app.INFO: Home page action dispatched [] {"uid":"6632ad5"}
[2020-02-06T21:41:45.981506+03:00] app.INFO: Home page action dispatched [] {"uid":"400bdf1"}
[2020-02-06T21:42:37.691936+03:00] app.INFO: Home page action dispatched [] {"uid":"fe1ba96"}
[2020-02-06T21:43:20.960568+03:00] app.INFO: Home page action dispatched [] {"uid":"b787412"}
[2020-02-06T21:43:25.501021+03:00] app.INFO: Home page action dispatched [] {"uid":"2cf183a"}
[2020-02-06T21:43:37.832842+03:00] app.INFO: Home page action dispatched [] {"uid":"f8ac378"}
[2020-02-06T21:44:16.482610+03:00] app.INFO: Home page action dispatched [] {"uid":"e98e88e"}
[2020-02-06T21:44:27.934495+03:00] app.INFO: Home page action dispatched [] {"uid":"f0dd2fa"}
[2020-02-06T21:44:37.046640+03:00] app.INFO: Home page action dispatched [] {"uid":"daa267b"}
[2020-02-06T21:44:59.326269+03:00] app.INFO: Home page action dispatched [] {"uid":"fbc64e4"}
[2020-02-06T21:45:22.322875+03:00] app.INFO: Home page action dispatched [] {"uid":"22d8d38"}
[2020-02-06T21:45:37.705655+03:00] app.INFO: Home page action dispatched [] {"uid":"c1b0429"}
[2020-02-06T21:46:00.378719+03:00] app.INFO: Home page action dispatched [] {"uid":"7a86dc3"}
[2020-02-06T21:46:21.047542+03:00] app.INFO: Home page action dispatched [] {"uid":"56f032f"}
[2020-02-06T21:46:22.219966+03:00] app.INFO: Home page action dispatched [] {"uid":"2366653"}
[2020-02-06T21:46:41.730799+03:00] app.INFO: Home page action dispatched [] {"uid":"d96f7a0"}
[2020-02-06T21:52:53.315731+03:00] app.INFO: Home page action dispatched [] {"uid":"457ab44"}
[2020-02-06T21:55:53.614425+03:00] app.INFO: Home page action dispatched [] {"uid":"0f3e20a"}
[2020-02-06T21:56:04.239803+03:00] app.INFO: Home page action dispatched [] {"uid":"84cec9f"}
[2020-02-06T21:57:14.148801+03:00] app.INFO: Home page action dispatched [] {"uid":"0bde97c"}
[2020-02-06T21:57:22.968836+03:00] app.INFO: Home page action dispatched [] {"uid":"5f33490"}
[2020-02-06T21:57:24.014232+03:00] app.INFO: Home page action dispatched [] {"uid":"07c8f1f"}
[2020-02-06T21:57:24.730652+03:00] app.INFO: Home page action dispatched [] {"uid":"a44269d"}
[2020-02-06T21:57:25.460629+03:00] app.INFO: Home page action dispatched [] {"uid":"8295cbe"}
[2020-02-06T21:57:29.641966+03:00] app.INFO: Home page action dispatched [] {"uid":"7702345"}
[2020-02-06T21:57:34.968896+03:00] app.INFO: Home page action dispatched [] {"uid":"05a3750"}
[2020-02-06T21:57:46.083720+03:00] app.INFO: Home page action dispatched [] {"uid":"daa7fe7"}
[2020-02-06T21:57:48.397819+03:00] app.INFO: Home page action dispatched [] {"uid":"a21cf32"}
[2020-02-06T21:57:48.960030+03:00] app.INFO: Home page action dispatched [] {"uid":"ab52828"}
[2020-02-06T21:57:49.425078+03:00] app.INFO: Home page action dispatched [] {"uid":"ace0166"}
[2020-02-06T21:57:58.507226+03:00] app.INFO: Home page action dispatched [] {"uid":"0d7c164"}
[2020-02-06T21:58:01.056010+03:00] app.INFO: Home page action dispatched [] {"uid":"d45f6ac"}
[2020-02-06T21:58:34.892582+03:00] app.INFO: Home page action dispatched [] {"uid":"a608e39"}
[2020-02-06T21:58:53.438073+03:00] app.INFO: Home page action dispatched [] {"uid":"910a07c"}
[2020-02-06T21:59:29.392877+03:00] app.INFO: Home page action dispatched [] {"uid":"3ab86b3"}
[2020-02-06T21:59:46.759925+03:00] app.INFO: Home page action dispatched [] {"uid":"66c4be1"}
[2020-02-06T22:00:36.868515+03:00] app.INFO: Home page action dispatched [] {"uid":"5af3536"}
[2020-02-06T22:00:48.340870+03:00] app.INFO: Home page action dispatched [] {"uid":"e9529ee"}
[2020-02-06T22:00:52.461877+03:00] app.INFO: Home page action dispatched [] {"uid":"4ff5876"}
[2020-02-06T22:00:53.248530+03:00] app.INFO: Home page action dispatched [] {"uid":"42fd3d7"}
[2020-02-06T22:00:55.430848+03:00] app.INFO: Home page action dispatched [] {"uid":"00090d9"}
[2020-02-06T22:00:56.013070+03:00] app.INFO: Home page action dispatched [] {"uid":"fe5f0c9"}
[2020-02-06T22:00:56.913137+03:00] app.INFO: Home page action dispatched [] {"uid":"91ddcf5"}
[2020-02-06T22:01:02.960112+03:00] app.INFO: Home page action dispatched [] {"uid":"10bca09"}
[2020-02-06T22:02:52.448697+03:00] app.INFO: Home page action dispatched [] {"uid":"426781b"}
[2020-02-06T22:05:38.556361+03:00] app.INFO: Home page action dispatched [] {"uid":"ac3e230"}
[2020-02-06T22:05:39.698603+03:00] app.INFO: Home page action dispatched [] {"uid":"17b3823"}
[2020-02-06T22:05:56.796837+03:00] app.INFO: Home page action dispatched [] {"uid":"6b6b0b8"}
[2020-02-06T22:06:48.960195+03:00] app.INFO: Home page action dispatched [] {"uid":"1c0cf8e"}
[2020-02-06T22:07:13.588239+03:00] app.INFO: Home page action dispatched [] {"uid":"0124d2c"}
[2020-02-06T22:07:34.283223+03:00] app.INFO: Home page action dispatched [] {"uid":"6cda48f"}
[2020-02-06T22:07:38.940234+03:00] app.INFO: Home page action dispatched [] {"uid":"8813caf"}
[2020-02-06T22:08:27.185844+03:00] app.INFO: Home page action dispatched [] {"uid":"1b636fc"}
[2020-02-06T22:08:50.710617+03:00] app.INFO: Home page action dispatched [] {"uid":"39089ab"}
[2020-02-06T22:09:58.380818+03:00] app.INFO: Home page action dispatched [] {"uid":"7346ec9"}
[2020-02-06T22:10:17.522174+03:00] app.INFO: Home page action dispatched [] {"uid":"3aa5e5c"}
[2020-02-06T22:10:18.372396+03:00] app.INFO: Home page action dispatched [] {"uid":"e458fa5"}
[2020-02-06T22:14:58.756395+03:00] app.INFO: Home page action dispatched [] {"uid":"79c4a8a"}
[2020-02-06T22:15:07.467326+03:00] app.INFO: Home page action dispatched [] {"uid":"3a6de0e"}
[2020-02-06T22:15:32.039278+03:00] app.INFO: Home page action dispatched [] {"uid":"b380720"}
[2020-02-06T22:23:42.500886+03:00] app.INFO: Home page action dispatched [] {"uid":"316fa58"}
[2020-02-06T22:25:11.684803+03:00] app.INFO: Home page action dispatched [] {"uid":"cacef2b"}
[2020-02-06T22:25:12.552589+03:00] app.INFO: Home page action dispatched [] {"uid":"76bec21"}
[2020-02-06T22:25:39.363105+03:00] app.INFO: Home page action dispatched [] {"uid":"068e80d"}
[2020-02-06T22:25:45.222372+03:00] app.INFO: Home page action dispatched [] {"uid":"345b03d"}
[2020-02-06T22:25:53.817890+03:00] app.INFO: Home page action dispatched [] {"uid":"e49a38f"}
[2020-02-06T22:25:55.478095+03:00] app.INFO: Home page action dispatched [] {"uid":"dfff95b"}
[2020-02-06T22:26:11.367498+03:00] app.INFO: Home page action dispatched [] {"uid":"5128168"}
[2020-02-06T22:26:15.983553+03:00] app.INFO: Home page action dispatched [] {"uid":"b8de753"}
[2020-02-06T22:26:21.728890+03:00] app.INFO: Home page action dispatched [] {"uid":"9916f1a"}
[2020-02-06T22:26:22.698297+03:00] app.INFO: Home page action dispatched [] {"uid":"e62c77f"}
[2020-02-06T22:26:23.987268+03:00] app.INFO: Home page action dispatched [] {"uid":"ff73614"}
[2020-02-06T22:29:09.226073+03:00] app.INFO: Home page action dispatched [] {"uid":"78de74e"}
[2020-02-06T22:33:20.739940+03:00] app.INFO: Home page action dispatched [] {"uid":"c7465a7"}
[2020-02-06T22:33:35.679419+03:00] app.INFO: Home page action dispatched [] {"uid":"da69253"}
[2020-02-06T22:33:40.760580+03:00] app.INFO: Home page action dispatched [] {"uid":"97ecfd3"}
[2020-02-06T22:35:21.107013+03:00] app.INFO: Home page action dispatched [] {"uid":"ab036ad"}
[2020-02-06T22:35:29.695970+03:00] app.INFO: Home page action dispatched [] {"uid":"fdf04cd"}
[2020-02-06T22:36:20.993962+03:00] app.INFO: Home page action dispatched [] {"uid":"a48a007"}
[2020-02-06T22:36:22.239947+03:00] app.INFO: Home page action dispatched [] {"uid":"f8de8cb"}
[2020-02-06T22:37:23.025310+03:00] app.INFO: Home page action dispatched [] {"uid":"157d09b"}
[2020-02-06T22:37:44.736331+03:00] app.INFO: Home page action dispatched [] {"uid":"cefd73b"}
[2020-02-06T22:38:15.726220+03:00] app.INFO: Home page action dispatched [] {"uid":"65b827c"}
[2020-02-06T22:38:16.610287+03:00] app.INFO: Home page action dispatched [] {"uid":"6564910"}
[2020-02-06T22:38:20.311444+03:00] app.INFO: Home page action dispatched [] {"uid":"302465b"}
[2020-02-06T22:38:22.482076+03:00] app.INFO: Home page action dispatched [] {"uid":"48ecbb1"}
[2020-02-06T22:38:24.344112+03:00] app.INFO: Home page action dispatched [] {"uid":"5be57d0"}
[2020-02-06T22:38:25.651640+03:00] app.INFO: Home page action dispatched [] {"uid":"c58d3c4"}
[2020-02-06T22:38:27.002611+03:00] app.INFO: Home page action dispatched [] {"uid":"1ef04a0"}
[2020-02-06T22:38:28.825249+03:00] app.INFO: Home page action dispatched [] {"uid":"2132f7f"}
[2020-02-06T22:38:31.282170+03:00] app.INFO: Home page action dispatched [] {"uid":"6ed1ad2"}
[2020-02-06T22:38:33.890312+03:00] app.INFO: Home page action dispatched [] {"uid":"4a9327f"}
[2020-02-06T22:38:36.424088+03:00] app.INFO: Home page action dispatched [] {"uid":"fe54ae5"}
[2020-02-06T22:38:40.304440+03:00] app.INFO: Home page action dispatched [] {"uid":"a855b86"}
[2020-02-06T22:38:52.092810+03:00] app.INFO: Home page action dispatched [] {"uid":"da364de"}
[2020-02-06T22:39:22.046497+03:00] app.INFO: Home page action dispatched [] {"uid":"6c42516"}
[2020-02-06T22:39:24.686813+03:00] app.INFO: Home page action dispatched [] {"uid":"cf53f08"}
[2020-02-06T22:40:35.548641+03:00] app.INFO: Home page action dispatched [] {"uid":"f575828"}
[2020-02-06T22:40:37.744003+03:00] app.INFO: Home page action dispatched [] {"uid":"1c3fb23"}
[2020-02-06T22:40:38.374470+03:00] app.INFO: Home page action dispatched [] {"uid":"bcbe3b6"}
[2020-02-06T22:40:39.097574+03:00] app.INFO: Home page action dispatched [] {"uid":"a77fd50"}
[2020-02-06T22:40:48.653549+03:00] app.INFO: Home page action dispatched [] {"uid":"77ea9e3"}
[2020-02-06T22:42:30.219264+03:00] app.INFO: Home page action dispatched [] {"uid":"c7bf73d"}
[2020-02-06T22:42:31.781415+03:00] app.INFO: Home page action dispatched [] {"uid":"896a9bb"}
[2020-02-06T22:42:34.268851+03:00] app.INFO: Home page action dispatched [] {"uid":"3491cac"}
[2020-02-06T22:42:35.037900+03:00] app.INFO: Home page action dispatched [] {"uid":"1784ed5"}
[2020-02-06T22:42:58.096466+03:00] app.INFO: Home page action dispatched [] {"uid":"0c1a8b5"}
[2020-02-06T22:43:02.023134+03:00] app.INFO: Home page action dispatched [] {"uid":"8f718c7"}
[2020-02-06T22:43:33.862385+03:00] app.INFO: Home page action dispatched [] {"uid":"f45c58a"}
[2020-02-06T22:43:43.093418+03:00] app.INFO: Home page action dispatched [] {"uid":"d758d6b"}
[2020-02-06T22:43:46.070673+03:00] app.INFO: Home page action dispatched [] {"uid":"bc630a4"}
[2020-02-06T22:43:47.565708+03:00] app.INFO: Home page action dispatched [] {"uid":"eb07d94"}
[2020-02-06T22:43:50.460339+03:00] app.INFO: Home page action dispatched [] {"uid":"99ead89"}
[2020-02-06T22:43:55.912457+03:00] app.INFO: Home page action dispatched [] {"uid":"508f637"}
[2020-02-06T22:45:04.029614+03:00] app.INFO: Home page action dispatched [] {"uid":"43df5ca"}
[2020-02-06T22:45:13.671335+03:00] app.INFO: Home page action dispatched [] {"uid":"6db83f4"}
[2020-02-06T22:46:50.255447+03:00] app.INFO: Home page action dispatched [] {"uid":"34bbfb8"}
[2020-02-06T22:47:20.551614+03:00] app.INFO: Home page action dispatched [] {"uid":"8060968"}
[2020-02-06T22:48:18.170030+03:00] app.INFO: Home page action dispatched [] {"uid":"f9a2457"}
[2020-02-06T22:48:30.332016+03:00] app.INFO: Home page action dispatched [] {"uid":"66b6c7c"}
[2020-02-06T22:48:54.602295+03:00] app.INFO: Home page action dispatched [] {"uid":"5231b62"}
[2020-02-06T22:49:08.692336+03:00] app.INFO: Home page action dispatched [] {"uid":"c3f969f"}
[2020-02-06T22:58:30.903485+03:00] app.INFO: Home page action dispatched [] {"uid":"8b347be"}
[2020-02-06T22:58:47.710579+03:00] app.INFO: Home page action dispatched [] {"uid":"c1347fa"}
[2020-02-06T23:01:05.578572+03:00] app.INFO: Home page action dispatched [] {"uid":"f2b6948"}
[2020-02-06T23:01:44.154413+03:00] app.INFO: Home page action dispatched [] {"uid":"a6ac4cd"}
[2020-02-06T23:02:44.012572+03:00] app.INFO: Home page action dispatched [] {"uid":"ec5a40b"}
[2020-02-06T23:02:45.271012+03:00] app.INFO: Home page action dispatched [] {"uid":"ef515df"}
[2020-02-06T23:03:33.447830+03:00] app.INFO: Home page action dispatched [] {"uid":"339d40e"}
[2020-02-06T23:03:56.417665+03:00] app.INFO: Home page action dispatched [] {"uid":"9a7d6a5"}
[2020-02-06T23:04:52.414555+03:00] app.INFO: Home page action dispatched [] {"uid":"f20c42c"}
[2020-02-06T23:04:59.260164+03:00] app.INFO: Home page action dispatched [] {"uid":"f25293d"}
[2020-02-06T23:05:12.670672+03:00] app.INFO: Home page action dispatched [] {"uid":"1c37c5a"}
[2020-02-06T23:05:59.785919+03:00] app.INFO: Home page action dispatched [] {"uid":"b689612"}
[2020-02-06T23:06:02.151953+03:00] app.INFO: Home page action dispatched [] {"uid":"7b77b56"}
[2020-02-06T23:06:03.789558+03:00] app.INFO: Home page action dispatched [] {"uid":"3f20ea5"}
[2020-02-06T23:06:06.667974+03:00] app.INFO: Home page action dispatched [] {"uid":"d703f86"}
[2020-02-06T23:06:07.567297+03:00] app.INFO: Home page action dispatched [] {"uid":"4c7ecce"}
[2020-02-06T23:07:57.860897+03:00] app.INFO: Home page action dispatched [] {"uid":"85806d0"}
[2020-02-06T23:08:00.190276+03:00] app.INFO: Home page action dispatched [] {"uid":"6b05816"}
[2020-02-06T23:08:01.162691+03:00] app.INFO: Home page action dispatched [] {"uid":"221c262"}
[2020-02-06T23:08:02.457456+03:00] app.INFO: Home page action dispatched [] {"uid":"440b191"}
[2020-02-06T23:08:03.117487+03:00] app.INFO: Home page action dispatched [] {"uid":"6df8643"}
[2020-02-06T23:09:39.499801+03:00] app.INFO: Home page action dispatched [] {"uid":"d062cbc"}
[2020-02-06T23:09:47.017182+03:00] app.INFO: Home page action dispatched [] {"uid":"94bf9eb"}
[2020-02-06T23:09:49.042045+03:00] app.INFO: Home page action dispatched [] {"uid":"0bdca54"}
[2020-02-06T23:12:24.689015+03:00] app.INFO: Home page action dispatched [] {"uid":"2be39f6"}
[2020-02-06T23:13:03.478763+03:00] app.INFO: Home page action dispatched [] {"uid":"3525416"}
[2020-02-06T23:13:04.727833+03:00] app.INFO: Home page action dispatched [] {"uid":"f87f524"}
[2020-02-06T23:13:05.704401+03:00] app.INFO: Home page action dispatched [] {"uid":"33ff759"}
[2020-02-06T23:13:10.105401+03:00] app.INFO: Home page action dispatched [] {"uid":"dd7d988"}
[2020-02-06T23:13:22.785806+03:00] app.INFO: Home page action dispatched [] {"uid":"8b5308f"}
[2020-02-06T23:14:28.996700+03:00] app.INFO: Home page action dispatched [] {"uid":"d34d109"}
[2020-02-06T23:14:39.275775+03:00] app.INFO: Home page action dispatched [] {"uid":"28b5a68"}
[2020-02-06T23:14:40.496593+03:00] app.INFO: Home page action dispatched [] {"uid":"3bc985a"}
[2020-02-06T23:16:42.232214+03:00] app.INFO: Profile Dispatched [] {"uid":"e55948c"}
[2020-02-06T23:17:40.037931+03:00] app.INFO: Profile Dispatched [] {"uid":"44b6e1f"}
[2020-02-06T23:18:25.647554+03:00] app.INFO: Profile Dispatched [] {"uid":"82e3aa0"}
[2020-02-06T23:19:19.631384+03:00] app.INFO: Profile Dispatched [] {"uid":"18620c4"}
[2020-02-06T23:19:58.434110+03:00] app.INFO: Profile Dispatched [] {"uid":"7fa8baf"}
[2020-02-06T23:20:14.654939+03:00] app.INFO: Profile Dispatched [] {"uid":"f06c373"}
[2020-02-06T23:20:22.082401+03:00] app.INFO: Profile Dispatched [] {"uid":"fbcadf2"}
[2020-02-06T23:20:56.574998+03:00] app.INFO: Profile Dispatched [] {"uid":"6be25f8"}
[2020-02-06T23:21:13.181306+03:00] app.INFO: Profile Dispatched [] {"uid":"adc4fd7"}
[2020-02-06T23:21:52.805743+03:00] app.INFO: Profile Dispatched [] {"uid":"5f0c312"}
[2020-02-06T23:23:14.969196+03:00] app.INFO: Profile Dispatched [] {"uid":"30e0b96"}
[2020-02-06T23:23:21.394842+03:00] app.INFO: Profile Dispatched [] {"uid":"ffe961b"}
[2020-02-06T23:23:25.147968+03:00] app.INFO: Home page action dispatched [] {"uid":"780d3aa"}
[2020-02-06T23:23:26.997593+03:00] app.INFO: Home page action dispatched [] {"uid":"f6969e2"}
[2020-02-06T23:23:27.854348+03:00] app.INFO: Home page action dispatched [] {"uid":"fa5807c"}
[2020-02-06T23:23:29.149352+03:00] app.INFO: Profile Dispatched [] {"uid":"bcebd65"}
[2020-02-06T23:23:30.094273+03:00] app.INFO: Home page action dispatched [] {"uid":"3f463e6"}
[2020-02-06T23:23:30.869035+03:00] app.INFO: Home page action dispatched [] {"uid":"36617af"}
[2020-02-06T23:23:31.940387+03:00] app.INFO: Home page action dispatched [] {"uid":"f6ade4c"}
[2020-02-06T23:27:10.224371+03:00] app.INFO: Home page action dispatched [] {"uid":"4c7d2ba"}
[2020-02-06T23:27:12.319025+03:00] app.INFO: Profile Dispatched [] {"uid":"6b32ac6"}
[2020-02-06T23:27:14.509259+03:00] app.INFO: Home page action dispatched [] {"uid":"687a2f9"}
[2020-02-06T23:28:16.982991+03:00] app.INFO: Home page action dispatched [] {"uid":"0b4b67d"}
[2020-02-06T23:28:18.829700+03:00] app.INFO: Home page action dispatched [] {"uid":"1994257"}
[2020-02-06T23:28:23.667498+03:00] app.INFO: Home page action dispatched [] {"uid":"19b9dba"}
[2020-02-07T00:11:04.734955+03:00] app.INFO: Home page action dispatched [] {"uid":"8f7e999"}
[2020-02-07T00:11:05.841569+03:00] app.INFO: Home page action dispatched [] {"uid":"3722131"}
[2020-02-07T00:11:23.976890+03:00] app.INFO: Home page action dispatched [] {"uid":"302ba0b"}
[2020-02-07T00:12:33.765604+03:00] app.INFO: Home page action dispatched [] {"uid":"2ff59b9"}
[2020-02-07T00:14:12.370507+03:00] app.INFO: Home page action dispatched [] {"uid":"ce5e49a"}
[2020-02-07T00:15:11.594144+03:00] app.INFO: Home page action dispatched [] {"uid":"72f9988"}
[2020-02-07T00:21:59.122113+03:00] app.INFO: Home page action dispatched [] {"uid":"05d50cc"}
[2020-02-07T00:44:27.663441+03:00] app.INFO: Home page action dispatched [] {"uid":"387a49b"}
[2020-02-07T00:44:41.795076+03:00] app.INFO: Home page action dispatched [] {"uid":"ddfbcf8"}
[2020-02-07T00:45:23.778975+03:00] app.INFO: Home page action dispatched [] {"uid":"f8ebf79"}
[2020-02-07T00:45:36.184829+03:00] app.INFO: Home page action dispatched [] {"uid":"16c8bf7"}
[2020-02-07T00:45:46.396246+03:00] app.INFO: Home page action dispatched [] {"uid":"c7f0853"}
[2020-02-07T00:45:47.360674+03:00] app.INFO: Home page action dispatched [] {"uid":"46d0933"}
[2020-02-07T00:45:48.214835+03:00] app.INFO: Home page action dispatched [] {"uid":"eadc789"}
[2020-02-07T00:45:53.829738+03:00] app.INFO: Home page action dispatched [] {"uid":"b16b446"}
[2020-02-07T00:46:12.186929+03:00] app.INFO: Home page action dispatched [] {"uid":"0d17b59"}
[2020-02-07T00:46:16.878923+03:00] app.INFO: Home page action dispatched [] {"uid":"a4aa571"}
[2020-02-07T00:46:18.094275+03:00] app.INFO: Home page action dispatched [] {"uid":"d396906"}
[2020-02-07T00:46:19.134637+03:00] app.INFO: Home page action dispatched [] {"uid":"bc1509a"}
[2020-02-07T00:46:23.013163+03:00] app.INFO: Home page action dispatched [] {"uid":"92bc01d"}
[2020-02-07T00:46:38.946278+03:00] app.INFO: Home page action dispatched [] {"uid":"fc2fe31"}
[2020-02-07T00:46:40.478090+03:00] app.INFO: Home page action dispatched [] {"uid":"a8aca0e"}
[2020-02-07T00:46:42.030895+03:00] app.INFO: Home page action dispatched [] {"uid":"fd89986"}
[2020-02-07T00:46:44.142263+03:00] app.INFO: Home page action dispatched [] {"uid":"e2fd964"}
[2020-02-07T00:46:56.265584+03:00] app.INFO: Home page action dispatched [] {"uid":"b2feba5"}
[2020-02-07T00:46:58.303574+03:00] app.INFO: Home page action dispatched [] {"uid":"328cc83"}
[2020-02-07T00:48:06.158727+03:00] app.INFO: Home page action dispatched [] {"uid":"a252b11"}
[2020-02-07T00:49:37.587092+03:00] app.INFO: Home page action dispatched [] {"uid":"67a3e74"}
[2020-02-07T00:50:38.636886+03:00] app.INFO: Home page action dispatched [] {"uid":"1410f67"}
[2020-02-07T00:52:13.392735+03:00] app.INFO: Home page action dispatched [] {"uid":"0fa06f7"}
[2020-02-07T00:53:16.504111+03:00] app.INFO: Home page action dispatched [] {"uid":"97c37d4"}
[2020-02-07T00:53:29.992223+03:00] app.INFO: Home page action dispatched [] {"uid":"609f445"}
[2020-02-07T00:53:39.779216+03:00] app.INFO: Home page action dispatched [] {"uid":"5e794a1"}
[2020-02-07T00:53:55.804330+03:00] app.INFO: Home page action dispatched [] {"uid":"13f6e39"}
[2020-02-07T00:54:49.351792+03:00] app.INFO: Home page action dispatched [] {"uid":"8caefc3"}
[2020-02-07T00:56:50.565391+03:00] app.INFO: Home page action dispatched [] {"uid":"61497ec"}
[2020-02-07T00:56:58.440876+03:00] app.INFO: Home page action dispatched [] {"uid":"18218eb"}
[2020-02-07T00:57:05.107018+03:00] app.INFO: Home page action dispatched [] {"uid":"64ef212"}
[2020-02-07T00:57:46.482934+03:00] app.INFO: Home page action dispatched [] {"uid":"4a9bb5c"}
[2020-02-07T00:57:56.742989+03:00] app.INFO: Home page action dispatched [] {"uid":"d2b0ec9"}
[2020-02-07T00:58:03.406836+03:00] app.INFO: Home page action dispatched [] {"uid":"8a6a08c"}
[2020-02-07T00:58:30.188957+03:00] app.INFO: Home page action dispatched [] {"uid":"6f98527"}
[2020-02-07T00:58:36.509710+03:00] app.INFO: Home page action dispatched [] {"uid":"3de24f9"}
[2020-02-07T00:58:42.425303+03:00] app.INFO: Home page action dispatched [] {"uid":"508423a"}
[2020-02-07T00:58:58.408898+03:00] app.INFO: Home page action dispatched [] {"uid":"19b6686"}
[2020-02-07T00:59:06.967755+03:00] app.INFO: Home page action dispatched [] {"uid":"822ecc6"}
[2020-02-07T00:59:15.593004+03:00] app.INFO: Home page action dispatched [] {"uid":"afec204"}
[2020-02-07T00:59:59.045040+03:00] app.INFO: Home page action dispatched [] {"uid":"c06facc"}
[2020-02-07T01:00:07.472178+03:00] app.INFO: Home page action dispatched [] {"uid":"0f2fe9e"}
[2020-02-07T01:00:30.518688+03:00] app.INFO: Home page action dispatched [] {"uid":"fb947d4"}
[2020-02-07T01:00:36.151816+03:00] app.INFO: Home page action dispatched [] {"uid":"0f660d2"}
[2020-02-07T01:00:48.562041+03:00] app.INFO: Home page action dispatched [] {"uid":"c0d0534"}
[2020-02-07T01:01:00.496449+03:00] app.INFO: Home page action dispatched [] {"uid":"cb1fa24"}
[2020-02-07T01:01:27.458146+03:00] app.INFO: Home page action dispatched [] {"uid":"2ca19cd"}
[2020-02-07T01:02:05.288361+03:00] app.INFO: Home page action dispatched [] {"uid":"1ca3c03"}
[2020-02-07T01:02:16.170890+03:00] app.INFO: Home page action dispatched [] {"uid":"4188219"}
[2020-02-07T01:02:21.811140+03:00] app.INFO: Home page action dispatched [] {"uid":"1ce92a2"}
[2020-02-07T01:02:39.137616+03:00] app.INFO: Home page action dispatched [] {"uid":"00fbe49"}
[2020-02-07T01:03:32.150791+03:00] app.INFO: Home page action dispatched [] {"uid":"0589176"}
[2020-02-07T01:04:00.058623+03:00] app.INFO: Home page action dispatched [] {"uid":"0750967"}
[2020-02-07T01:07:16.865219+03:00] app.INFO: Home page action dispatched [] {"uid":"ae9282b"}
[2020-02-07T01:07:31.887068+03:00] app.INFO: Home page action dispatched [] {"uid":"103fef1"}
[2020-02-07T01:07:33.202727+03:00] app.INFO: Home page action dispatched [] {"uid":"55bfeaf"}
[2020-02-07T01:07:52.124796+03:00] app.INFO: Home page action dispatched [] {"uid":"420bb57"}
[2020-02-07T01:09:33.455406+03:00] app.INFO: Home page action dispatched [] {"uid":"a4a1afe"}
[2020-02-08T22:23:27.050923+03:00] app.INFO: Home page action dispatched [] {"uid":"27f6d67"}
[2020-02-08T22:23:34.941019+03:00] app.INFO: Home page action dispatched [] {"uid":"cd41438"}
[2020-02-08T22:23:38.577374+03:00] app.INFO: Home page action dispatched [] {"uid":"7887db3"}
[2020-02-08T22:23:42.720901+03:00] app.INFO: Home page action dispatched [] {"uid":"398f2aa"}
[2020-02-08T22:27:17.142915+03:00] app.INFO: Home page action dispatched [] {"uid":"e32f6b1"}
[2020-02-08T22:32:38.693672+03:00] app.INFO: Home page action dispatched [] {"uid":"978a291"}
[2020-02-08T22:36:49.323703+03:00] app.INFO: Home page action dispatched [] {"uid":"5d6c3de"}
[2020-02-08T22:37:11.235067+03:00] app.INFO: Home page action dispatched [] {"uid":"98d92bd"}
[2020-02-08T22:37:29.346483+03:00] app.INFO: Home page action dispatched [] {"uid":"c05a83a"}
[2020-02-08T22:38:08.049969+03:00] app.INFO: Home page action dispatched [] {"uid":"e630565"}
[2020-02-08T22:38:31.371709+03:00] app.INFO: Home page action dispatched [] {"uid":"f869d37"}
[2020-02-08T22:38:36.326195+03:00] app.INFO: Home page action dispatched [] {"uid":"57ecc92"}
[2020-02-08T22:38:52.670030+03:00] app.INFO: Home page action dispatched [] {"uid":"7fe2ef8"}
[2020-02-08T22:41:38.441646+03:00] app.INFO: Home page action dispatched [] {"uid":"edd8ed4"}
[2020-02-08T22:54:14.312658+03:00] app.INFO: Home page action dispatched [] {"uid":"5471667"}
[2020-02-08T22:54:29.970651+03:00] app.INFO: Home page action dispatched [] {"uid":"370c666"}
[2020-02-08T22:54:48.299004+03:00] app.INFO: Home page action dispatched [] {"uid":"864ece9"}
[2020-02-08T22:55:01.933761+03:00] app.INFO: Home page action dispatched [] {"uid":"9c46cc1"}
[2020-02-08T22:55:27.872445+03:00] app.INFO: Home page action dispatched [] {"uid":"d5b9b94"}
[2020-02-08T22:56:38.425670+03:00] app.INFO: Home page action dispatched [] {"uid":"5b8fc8e"}
[2020-02-08T22:56:48.862687+03:00] app.INFO: Home page action dispatched [] {"uid":"8ad1ac4"}
[2020-02-08T22:56:57.113205+03:00] app.INFO: Home page action dispatched [] {"uid":"da23a96"}
[2020-02-08T22:57:15.516759+03:00] app.INFO: Home page action dispatched [] {"uid":"b03741f"}
[2020-02-08T22:57:28.296589+03:00] app.INFO: Home page action dispatched [] {"uid":"91c5916"}
[2020-02-08T22:57:33.456976+03:00] app.INFO: Home page action dispatched [] {"uid":"f754cbf"}
[2020-02-08T22:57:52.423472+03:00] app.INFO: Home page action dispatched [] {"uid":"69ea0ef"}
[2020-02-08T22:58:31.422047+03:00] app.INFO: Home page action dispatched [] {"uid":"425aa67"}
[2020-02-08T22:59:11.323433+03:00] app.INFO: Home page action dispatched [] {"uid":"3ec0c7e"}
[2020-02-08T22:59:12.259520+03:00] app.INFO: Home page action dispatched [] {"uid":"d967c97"}
[2020-02-08T22:59:17.540107+03:00] app.INFO: Home page action dispatched [] {"uid":"9d73746"}
[2020-02-08T23:00:00.302362+03:00] app.INFO: Home page action dispatched [] {"uid":"958701a"}
[2020-02-08T23:00:01.342245+03:00] app.INFO: Home page action dispatched [] {"uid":"c928f4a"}
[2020-02-08T23:00:32.601704+03:00] app.INFO: Home page action dispatched [] {"uid":"71cd686"}
[2020-02-08T23:00:51.567445+03:00] app.INFO: Home page action dispatched [] {"uid":"7ad6e4c"}
[2020-02-08T23:01:02.028651+03:00] app.INFO: Home page action dispatched [] {"uid":"cf0a525"}
[2020-02-08T23:01:14.220693+03:00] app.INFO: Home page action dispatched [] {"uid":"97fc095"}
[2020-02-08T23:01:17.004763+03:00] app.INFO: Home page action dispatched [] {"uid":"0f7b683"}
[2020-02-08T23:01:29.652620+03:00] app.INFO: Home page action dispatched [] {"uid":"c257f12"}
[2020-02-08T23:01:39.926360+03:00] app.INFO: Home page action dispatched [] {"uid":"4d9eaaa"}
[2020-02-08T23:01:45.814653+03:00] app.INFO: Home page action dispatched [] {"uid":"6be21cd"}
[2020-02-08T23:01:57.111387+03:00] app.INFO: Home page action dispatched [] {"uid":"d9e39bb"}
[2020-02-08T23:02:08.091361+03:00] app.INFO: Home page action dispatched [] {"uid":"9dbb23e"}
[2020-02-08T23:02:24.906481+03:00] app.INFO: Home page action dispatched [] {"uid":"62cdde1"}
[2020-02-08T23:02:27.626474+03:00] app.INFO: Home page action dispatched [] {"uid":"d3f767b"}
[2020-02-08T23:02:30.090034+03:00] app.INFO: Home page action dispatched [] {"uid":"3f7396c"}
[2020-02-08T23:02:47.540153+03:00] app.INFO: Home page action dispatched [] {"uid":"b1b16a2"}
[2020-02-08T23:03:09.385855+03:00] app.INFO: Home page action dispatched [] {"uid":"a3adf52"}
[2020-02-08T23:20:28.099978+03:00] app.INFO: Home page action dispatched [] {"uid":"954b8c4"}
[2020-02-08T23:20:29.563808+03:00] app.INFO: Home page action dispatched [] {"uid":"57405c3"}
[2020-02-08T23:20:50.218718+03:00] app.INFO: Home page action dispatched [] {"uid":"dbc87f7"}
[2020-02-08T23:21:11.195539+03:00] app.INFO: Home page action dispatched [] {"uid":"748b858"}
[2020-02-08T23:21:21.079085+03:00] app.INFO: Home page action dispatched [] {"uid":"dd2ead4"}
[2020-02-08T23:22:16.929560+03:00] app.INFO: Home page action dispatched [] {"uid":"bdd22d4"}
[2020-02-08T23:23:59.224349+03:00] app.INFO: Home page action dispatched [] {"uid":"6f0197a"}
[2020-02-08T23:24:06.334271+03:00] app.INFO: Home page action dispatched [] {"uid":"a8cea20"}
[2020-02-08T23:25:24.380273+03:00] app.INFO: Home page action dispatched [] {"uid":"810ad92"}
[2020-02-08T23:25:27.223222+03:00] app.INFO: Home page action dispatched [] {"uid":"ef7c0ea"}
[2020-02-08T23:25:29.097889+03:00] app.INFO: Home page action dispatched [] {"uid":"475e5ca"}
[2020-02-08T23:25:41.140180+03:00] app.INFO: Home page action dispatched [] {"uid":"dd8af24"}
[2020-02-08T23:26:07.400310+03:00] app.INFO: Home page action dispatched [] {"uid":"21638f0"}
[2020-02-08T23:26:29.872874+03:00] app.INFO: Home page action dispatched [] {"uid":"582aed7"}
[2020-02-08T23:26:35.520374+03:00] app.INFO: Home page action dispatched [] {"uid":"069392e"}
[2020-02-08T23:26:35.825698+03:00] app.INFO: Home page action dispatched [] {"uid":"bd488cb"}
[2020-02-08T23:26:53.485464+03:00] app.INFO: Home page action dispatched [] {"uid":"00da578"}
[2020-02-08T23:30:07.531000+03:00] app.INFO: Home page action dispatched [] {"uid":"5041315"}
[2020-02-08T23:30:08.351778+03:00] app.INFO: Home page action dispatched [] {"uid":"620aeae"}
[2020-02-08T23:30:17.572640+03:00] app.INFO: Home page action dispatched [] {"uid":"d8755fd"}
[2020-02-08T23:31:11.263204+03:00] app.INFO: Home page action dispatched [] {"uid":"21228ff"}
[2020-02-08T23:31:40.120067+03:00] app.INFO: Home page action dispatched [] {"uid":"f97d9c2"}
[2020-02-08T23:31:44.972903+03:00] app.INFO: Home page action dispatched [] {"uid":"dbf23f6"}
[2020-02-08T23:32:39.605671+03:00] app.INFO: Home page action dispatched [] {"uid":"89d2378"}
[2020-02-08T23:32:50.094030+03:00] app.INFO: Home page action dispatched [] {"uid":"2691c7e"}
[2020-02-08T23:33:20.444319+03:00] app.INFO: Home page action dispatched [] {"uid":"39863db"}
[2020-02-08T23:33:23.110914+03:00] app.INFO: Home page action dispatched [] {"uid":"bea4a2a"}
[2020-02-08T23:33:23.294263+03:00] app.INFO: Home page action dispatched [] {"uid":"d445d46"}
[2020-02-08T23:33:52.623320+03:00] app.INFO: Home page action dispatched [] {"uid":"6c1bada"}
[2020-02-08T23:33:52.769332+03:00] app.INFO: Home page action dispatched [] {"uid":"4dbcd0a"}
[2020-02-08T23:33:55.497614+03:00] app.INFO: Home page action dispatched [] {"uid":"e5caea8"}
[2020-02-08T23:34:02.621977+03:00] app.INFO: Home page action dispatched [] {"uid":"5f305e9"}
[2020-02-08T23:34:02.995580+03:00] app.INFO: Home page action dispatched [] {"uid":"19bfdfd"}
[2020-02-08T23:34:34.916681+03:00] app.INFO: Home page action dispatched [] {"uid":"0d9a358"}
[2020-02-08T23:34:35.650586+03:00] app.INFO: Home page action dispatched [] {"uid":"1d1e648"}
[2020-02-08T23:34:59.887738+03:00] app.INFO: Home page action dispatched [] {"uid":"18c1869"}
[2020-02-08T23:35:19.024775+03:00] app.INFO: Home page action dispatched [] {"uid":"dea6fa4"}
[2020-02-08T23:35:19.890079+03:00] app.INFO: Home page action dispatched [] {"uid":"8569394"}
[2020-02-08T23:35:38.538474+03:00] app.INFO: Home page action dispatched [] {"uid":"7737310"}
[2020-02-08T23:35:43.921478+03:00] app.INFO: Home page action dispatched [] {"uid":"7a1bb10"}
[2020-02-08T23:36:25.165483+03:00] app.INFO: Home page action dispatched [] {"uid":"7f4b2ba"}
[2020-02-08T23:36:26.070646+03:00] app.INFO: Home page action dispatched [] {"uid":"5e9b48e"}
[2020-02-08T23:37:09.510261+03:00] app.INFO: Home page action dispatched [] {"uid":"28e9ebf"}
[2020-02-08T23:38:49.550070+03:00] app.INFO: Home page action dispatched [] {"uid":"65f01af"}
[2020-02-08T23:38:50.328472+03:00] app.INFO: Home page action dispatched [] {"uid":"d835b44"}
[2020-02-08T23:38:50.999910+03:00] app.INFO: Home page action dispatched [] {"uid":"29e7577"}
[2020-02-08T23:42:51.461057+03:00] app.INFO: Home page action dispatched [] {"uid":"0ca99f1"}
[2020-02-08T23:43:07.975416+03:00] app.INFO: Home page action dispatched [] {"uid":"7592380"}
[2020-02-08T23:43:10.045537+03:00] app.INFO: Home page action dispatched [] {"uid":"c758cbd"}
[2020-02-08T23:43:52.401321+03:00] app.INFO: Home page action dispatched [] {"uid":"7548f52"}
[2020-02-08T23:44:02.284803+03:00] app.INFO: Home page action dispatched [] {"uid":"5013ee1"}
[2020-02-08T23:44:03.115144+03:00] app.INFO: Home page action dispatched [] {"uid":"41e30c7"}
[2020-02-08T23:44:27.612597+03:00] app.INFO: Home page action dispatched [] {"uid":"7c10780"}
[2020-02-08T23:44:28.470904+03:00] app.INFO: Home page action dispatched [] {"uid":"72d7069"}
[2020-02-08T23:44:51.779544+03:00] app.INFO: Home page action dispatched [] {"uid":"beedbec"}
[2020-02-08T23:45:04.605361+03:00] app.INFO: Home page action dispatched [] {"uid":"335d580"}
[2020-02-08T23:45:33.882869+03:00] app.INFO: Home page action dispatched [] {"uid":"994773c"}
[2020-02-08T23:46:08.050273+03:00] app.INFO: Home page action dispatched [] {"uid":"31dbb71"}
[2020-02-08T23:46:23.621300+03:00] app.INFO: Home page action dispatched [] {"uid":"b940429"}
[2020-02-08T23:46:34.991889+03:00] app.INFO: Home page action dispatched [] {"uid":"79ebf60"}
[2020-02-08T23:46:40.995036+03:00] app.INFO: Home page action dispatched [] {"uid":"a331a74"}
[2020-02-08T23:46:42.603287+03:00] app.INFO: Home page action dispatched [] {"uid":"392900b"}
[2020-02-08T23:47:15.641840+03:00] app.INFO: Home page action dispatched [] {"uid":"f02e322"}
[2020-02-08T23:47:25.945945+03:00] app.INFO: Home page action dispatched [] {"uid":"89855a1"}
[2020-02-08T23:47:37.655699+03:00] app.INFO: Home page action dispatched [] {"uid":"1a51de1"}
[2020-02-08T23:47:53.841596+03:00] app.INFO: Home page action dispatched [] {"uid":"b6ee2db"}
[2020-02-08T23:48:20.861060+03:00] app.INFO: Home page action dispatched [] {"uid":"acf8431"}
[2020-02-08T23:48:29.370111+03:00] app.INFO: Home page action dispatched [] {"uid":"911da73"}
[2020-02-09T00:15:25.618617+03:00] app.INFO: Home page action dispatched [] {"uid":"7d83f64"}
[2020-02-09T00:15:48.726454+03:00] app.INFO: Home page action dispatched [] {"uid":"3b9b75b"}
[2020-02-09T00:16:06.096404+03:00] app.INFO: Home page action dispatched [] {"uid":"11688fd"}
[2020-02-09T00:23:08.395330+03:00] app.INFO: Home page action dispatched [] {"uid":"703c7f3"}
[2020-02-09T00:23:09.151635+03:00] app.INFO: Home page action dispatched [] {"uid":"618c8c2"}
[2020-02-09T00:23:25.003036+03:00] app.INFO: Home page action dispatched [] {"uid":"d638a1d"}
[2020-02-09T00:23:26.345480+03:00] app.INFO: Home page action dispatched [] {"uid":"84fe18f"}
[2020-02-09T00:23:48.968160+03:00] app.INFO: Home page action dispatched [] {"uid":"053aadd"}
[2020-02-09T00:26:50.967903+03:00] app.INFO: Home page action dispatched [] {"uid":"08da208"}
[2020-02-09T00:27:07.681039+03:00] app.INFO: Home page action dispatched [] {"uid":"cad55d9"}
[2020-02-09T00:29:38.153063+03:00] app.INFO: Home page action dispatched [] {"uid":"5415138"}
[2020-02-09T00:39:40.938129+03:00] app.INFO: Home page action dispatched [] {"uid":"e39c1d6"}
[2020-02-09T00:42:02.141535+03:00] app.INFO: Home page action dispatched [] {"uid":"e38113b"}
[2020-02-09T00:42:04.328215+03:00] app.INFO: Home page action dispatched [] {"uid":"cd99c13"}
[2020-02-09T00:42:06.331809+03:00] app.INFO: Home page action dispatched [] {"uid":"40d35cb"}
[2020-02-09T00:44:20.831555+03:00] app.INFO: Home page action dispatched [] {"uid":"b6e6996"}
[2020-02-09T00:44:58.545352+03:00] app.INFO: Home page action dispatched [] {"uid":"6a3ef79"}
[2020-02-09T00:45:18.206543+03:00] app.INFO: Home page action dispatched [] {"uid":"b18f4d3"}
[2020-02-09T00:45:59.056256+03:00] app.INFO: Home page action dispatched [] {"uid":"0eaca04"}
[2020-02-09T00:46:04.697158+03:00] app.INFO: Home page action dispatched [] {"uid":"9b3a13b"}
[2020-02-09T00:47:25.887707+03:00] app.INFO: Home page action dispatched [] {"uid":"afb89dd"}
[2020-02-09T00:55:50.751381+03:00] app.INFO: Home page action dispatched [] {"uid":"1ab0910"}
[2020-02-09T01:02:54.836929+03:00] app.INFO: Home page action dispatched [] {"uid":"eae1ca7"}
[2020-02-09T01:07:43.493709+03:00] app.INFO: Home page action dispatched [] {"uid":"c4ed964"}
[2020-02-09T01:07:47.829248+03:00] app.INFO: Home page action dispatched [] {"uid":"e0ea76e"}
[2020-02-09T01:19:17.624490+03:00] app.INFO: Home page action dispatched [] {"uid":"7e13201"}
[2020-02-09T01:19:32.213812+03:00] app.INFO: Home page action dispatched [] {"uid":"162e946"}
[2020-02-09T01:21:18.827284+03:00] app.INFO: Home page action dispatched [] {"uid":"37f8422"}
[2020-02-09T01:21:34.337673+03:00] app.INFO: Home page action dispatched [] {"uid":"8e54104"}
[2020-02-09T01:21:54.660117+03:00] app.INFO: Home page action dispatched [] {"uid":"373e2fb"}
[2020-02-09T01:22:16.343141+03:00] app.INFO: Home page action dispatched [] {"uid":"ff4d299"}
[2020-02-09T01:22:19.558311+03:00] app.INFO: Home page action dispatched [] {"uid":"86ef64c"}
[2020-02-09T01:22:20.308640+03:00] app.INFO: Home page action dispatched [] {"uid":"fe5fc2c"}
[2020-02-09T01:23:52.625522+03:00] app.INFO: Home page action dispatched [] {"uid":"946e805"}
[2020-02-09T01:23:55.624694+03:00] app.INFO: Home page action dispatched [] {"uid":"6e894f5"}
[2020-02-09T01:24:07.711866+03:00] app.INFO: Home page action dispatched [] {"uid":"4b6b3a5"}
[2020-02-09T01:24:44.239622+03:00] app.INFO: Home page action dispatched [] {"uid":"de00ed1"}
[2020-02-09T01:24:49.836174+03:00] app.INFO: Home page action dispatched [] {"uid":"378e9c1"}
[2020-02-09T01:24:54.413626+03:00] app.INFO: Home page action dispatched [] {"uid":"090c90d"}
[2020-02-09T01:30:42.229663+03:00] app.INFO: Home page action dispatched [] {"uid":"df6f29a"}
[2020-02-09T01:30:44.781854+03:00] app.INFO: Home page action dispatched [] {"uid":"15222ab"}
[2020-02-09T01:30:47.554476+03:00] app.INFO: Profile Dispatched [] {"uid":"89044fc"}
[2020-02-09T01:30:56.949755+03:00] app.INFO: Home page action dispatched [] {"uid":"34c9a04"}
[2020-02-09T01:31:00.837706+03:00] app.INFO: Home page action dispatched [] {"uid":"92a93f3"}
[2020-02-09T10:04:22.910127+03:00] app.INFO: Home page action dispatched [] {"uid":"fac191d"}
[2020-02-09T10:04:29.576897+03:00] app.INFO: Home page action dispatched [] {"uid":"28b6f60"}
[2020-02-09T10:04:32.770705+03:00] app.INFO: Home page action dispatched [] {"uid":"409522b"}
[2020-02-09T10:04:33.723559+03:00] app.INFO: Home page action dispatched [] {"uid":"f9b5c74"}
[2020-02-09T10:04:34.687196+03:00] app.INFO: Home page action dispatched [] {"uid":"9c2de37"}
[2020-02-09T10:04:36.404619+03:00] app.INFO: Home page action dispatched [] {"uid":"f06fd93"}
[2020-02-09T10:04:37.256964+03:00] app.INFO: Home page action dispatched [] {"uid":"8e64e5b"}
[2020-02-09T10:04:38.154956+03:00] app.INFO: Home page action dispatched [] {"uid":"767263c"}
[2020-02-09T10:04:39.082141+03:00] app.INFO: Home page action dispatched [] {"uid":"8c461c9"}
[2020-02-09T10:04:39.948290+03:00] app.INFO: Home page action dispatched [] {"uid":"d042d2a"}
[2020-02-09T10:04:41.387589+03:00] app.INFO: Home page action dispatched [] {"uid":"32e058e"}
[2020-02-09T10:04:42.388828+03:00] app.INFO: Home page action dispatched [] {"uid":"8e5354d"}
[2020-02-09T10:04:43.163371+03:00] app.INFO: Home page action dispatched [] {"uid":"2f99cf4"}
[2020-02-09T10:04:44.184661+03:00] app.INFO: Home page action dispatched [] {"uid":"ff3cc65"}
[2020-02-09T10:04:45.103062+03:00] app.INFO: Home page action dispatched [] {"uid":"0e14634"}
[2020-02-09T10:04:46.060210+03:00] app.INFO: Home page action dispatched [] {"uid":"ee32ec5"}
[2020-02-09T10:04:56.345118+03:00] app.INFO: Home page action dispatched [] {"uid":"46beb9d"}
[2020-02-09T10:04:57.637926+03:00] app.INFO: Home page action dispatched [] {"uid":"3605542"}
[2020-02-09T10:04:58.770276+03:00] app.INFO: Home page action dispatched [] {"uid":"047c83b"}
[2020-02-09T10:06:59.809288+03:00] app.INFO: Home page action dispatched [] {"uid":"32f41ed"}
[2020-02-09T10:07:00.793624+03:00] app.INFO: Home page action dispatched [] {"uid":"0a5445b"}
[2020-02-09T10:07:01.514462+03:00] app.INFO: Home page action dispatched [] {"uid":"610b3fd"}
[2020-02-09T10:10:10.740197+03:00] app.INFO: Home page action dispatched [] {"uid":"129d511"}
[2020-02-09T10:10:11.379263+03:00] app.INFO: Home page action dispatched [] {"uid":"ad4402d"}
[2020-02-09T10:10:12.922297+03:00] app.INFO: Profile Dispatched [] {"uid":"cc7b2b2"}
[2020-02-09T10:10:14.299379+03:00] app.INFO: Home page action dispatched [] {"uid":"8a4607a"}
[2020-02-09T10:10:15.268910+03:00] app.INFO: Home page action dispatched [] {"uid":"b3d3d92"}
[2020-02-09T10:13:55.763841+03:00] app.INFO: Home page action dispatched [] {"uid":"51e0c07"}
[2020-02-09T10:14:21.989612+03:00] app.INFO: Home page action dispatched [] {"uid":"9951352"}
[2020-02-09T10:14:24.223855+03:00] app.INFO: Home page action dispatched [] {"uid":"1b96d40"}
[2020-02-09T10:14:24.973017+03:00] app.INFO: Profile Dispatched [] {"uid":"c2d9265"}
[2020-02-09T10:14:25.673637+03:00] app.INFO: Home page action dispatched [] {"uid":"0716ee9"}
[2020-02-09T10:14:26.175652+03:00] app.INFO: Home page action dispatched [] {"uid":"877b75c"}
[2020-02-09T10:14:26.894068+03:00] app.INFO: Home page action dispatched [] {"uid":"d66861b"}
[2020-02-09T10:15:28.810550+03:00] app.INFO: Home page action dispatched [] {"uid":"94febb5"}
[2020-02-09T10:15:30.397923+03:00] app.INFO: Home page action dispatched [] {"uid":"6c2c505"}
[2020-02-09T10:15:31.157663+03:00] app.INFO: Home page action dispatched [] {"uid":"5fe0321"}
[2020-02-09T10:15:32.188593+03:00] app.INFO: Home page action dispatched [] {"uid":"4e78452"}
[2020-02-09T10:15:32.978764+03:00] app.INFO: Home page action dispatched [] {"uid":"43f398f"}
[2020-02-09T10:15:42.809503+03:00] app.INFO: Home page action dispatched [] {"uid":"350252c"}
[2020-02-09T10:17:05.052900+03:00] app.INFO: Home page action dispatched [] {"uid":"0cd0b04"}
[2020-02-09T10:17:09.762728+03:00] app.INFO: Home page action dispatched [] {"uid":"80ddabf"}
[2020-02-09T10:18:05.019707+03:00] app.INFO: Home page action dispatched [] {"uid":"c0b3f3d"}
[2020-02-09T10:18:05.912080+03:00] app.INFO: Home page action dispatched [] {"uid":"12159a9"}
[2020-02-09T10:18:08.016486+03:00] app.INFO: Home page action dispatched [] {"uid":"edd3097"}
[2020-02-09T10:18:08.774449+03:00] app.INFO: Home page action dispatched [] {"uid":"309c9ce"}
[2020-02-09T10:18:13.170127+03:00] app.INFO: Profile Dispatched [] {"uid":"65356d7"}
[2020-02-09T10:19:52.544381+03:00] app.INFO: Profile Dispatched [] {"uid":"57171cc"}
[2020-02-09T10:24:31.202101+03:00] app.INFO: Profile Dispatched [] {"uid":"c7e8648"}
[2020-02-09T10:24:34.562507+03:00] app.INFO: Home page action dispatched [] {"uid":"593806b"}
[2020-02-09T10:24:35.204199+03:00] app.INFO: Home page action dispatched [] {"uid":"d133879"}
[2020-02-09T10:24:36.006259+03:00] app.INFO: Home page action dispatched [] {"uid":"d7e65a2"}
[2020-02-09T10:24:36.964012+03:00] app.INFO: Home page action dispatched [] {"uid":"5ed2124"}
[2020-02-09T10:24:38.698159+03:00] app.INFO: Profile Dispatched [] {"uid":"70e641e"}
[2020-02-09T10:25:30.402534+03:00] app.INFO: Home page action dispatched [] {"uid":"fa571a9"}
[2020-02-09T10:25:33.430559+03:00] app.INFO: Home page action dispatched [] {"uid":"fc823ee"}
[2020-02-09T10:25:35.281230+03:00] app.INFO: Home page action dispatched [] {"uid":"8a56a80"}
[2020-02-09T10:25:37.031736+03:00] app.INFO: Home page action dispatched [] {"uid":"82bd19e"}
[2020-02-09T10:25:39.638832+03:00] app.INFO: Home page action dispatched [] {"uid":"c9e40b2"}
[2020-02-09T10:25:41.479464+03:00] app.INFO: Home page action dispatched [] {"uid":"796abea"}
[2020-02-09T10:25:43.043248+03:00] app.INFO: Home page action dispatched [] {"uid":"046c974"}
[2020-02-09T10:25:43.574546+03:00] app.INFO: Home page action dispatched [] {"uid":"1c6b1df"}
[2020-02-09T10:25:47.576740+03:00] app.INFO: Home page action dispatched [] {"uid":"23cfdd4"}
[2020-02-09T10:25:47.942457+03:00] app.INFO: Home page action dispatched [] {"uid":"0ed6e43"}
[2020-02-09T10:27:45.143730+03:00] app.INFO: List Reports Page Dispatched [] {"uid":"9f088ff"}
[2020-02-09T10:27:55.397970+03:00] app.INFO: List Reports Page Dispatched [] {"uid":"613aa03"}
[2020-02-09T10:28:32.137969+03:00] app.INFO: View Report {"reportID":1} Page Dispatched [] {"uid":"867dcfd"}
[2020-02-09T10:28:34.844735+03:00] app.INFO: Profile Dispatched [] {"uid":"6961ce9"}
[2020-02-09T10:29:14.958475+03:00] app.INFO: Profile Dispatched [] {"uid":"1869b80"}
[2020-02-09T10:29:56.721848+03:00] app.INFO: Profile Dispatched [] {"uid":"1fb54c8"}
[2020-02-09T10:42:49.890436+03:00] app.INFO: Profile Dispatched [] {"uid":"3fc6afc"}
[2020-02-09T10:43:56.955219+03:00] app.INFO: Profile Dispatched [] {"uid":"265d0ef"}
[2020-02-09T10:45:30.557423+03:00] app.INFO: Profile Dispatched [] {"uid":"2bbe6fe"}
[2020-02-09T10:45:31.573314+03:00] app.INFO: Profile Dispatched [] {"uid":"9864054"}
[2020-02-09T10:45:48.411145+03:00] app.INFO: Profile Failed [] {"uid":"25bcd52"}
[2020-02-09T10:47:18.371847+03:00] app.INFO: Profile Failed [] {"uid":"4fb9db1"}
[2020-02-09T10:47:19.856008+03:00] app.INFO: Profile Failed [] {"uid":"1f41f54"}
[2020-02-09T10:47:47.222442+03:00] app.INFO: Profile Failed [] {"uid":"9441f10"}
[2020-02-09T10:47:55.102231+03:00] app.INFO: Profile Failed [] {"uid":"eb15c93"}
[2020-02-09T10:49:28.221960+03:00] app.INFO: Profile Failed [] {"uid":"0500b41"}
[2020-02-09T10:49:42.357525+03:00] app.INFO: Profile Failed [] {"uid":"c20a70b"}
[2020-02-09T10:49:55.084139+03:00] app.INFO: Profile Failed [] {"uid":"ed78f9f"}
[2020-02-09T10:50:12.252805+03:00] app.INFO: Profile Failed [] {"uid":"f5c06a9"}
[2020-02-09T10:54:35.287325+03:00] app.INFO: Profile Failed [] {"uid":"31d6b99"}
[2020-02-09T10:54:38.785481+03:00] app.INFO: Profile Failed [] {"uid":"ca3c4d2"}
[2020-02-09T10:54:48.332501+03:00] app.INFO: Profile Failed [] {"uid":"eedf780"}
[2020-02-09T10:55:41.247075+03:00] app.INFO: Profile Failed [] {"uid":"e15f128"}
[2020-02-09T10:55:42.447527+03:00] app.INFO: Profile Failed [] {"uid":"240f0be"}
[2020-02-09T10:55:55.413762+03:00] app.INFO: Profile Failed [] {"uid":"7f52b28"}
[2020-02-09T10:56:03.111043+03:00] app.INFO: Profile Failed [] {"uid":"f440661"}
[2020-02-09T10:56:14.179900+03:00] app.INFO: Profile Failed [] {"uid":"f196727"}
[2020-02-09T10:56:45.785850+03:00] app.INFO: Profile Failed [] {"uid":"ba7725d"}
[2020-02-09T10:56:45.815563+03:00] app.INFO: Profile Dispatched [] {"uid":"5e96f52"}
[2020-02-09T10:56:48.646780+03:00] app.INFO: Profile Failed [] {"uid":"86117d2"}
[2020-02-09T10:56:48.676388+03:00] app.INFO: Profile Dispatched [] {"uid":"0bad16f"}
[2020-02-09T10:56:57.505536+03:00] app.INFO: Profile Dispatched [] {"uid":"af2e329"}
[2020-02-09T10:57:01.572210+03:00] app.INFO: Profile Failed [] {"uid":"8fe377c"}
[2020-02-09T10:57:01.605742+03:00] app.INFO: Profile Dispatched [] {"uid":"6ae0881"}
[2020-02-09T11:01:29.891696+03:00] app.INFO: Profile Dispatched [] {"uid":"19e04c4"}
[2020-02-09T11:01:32.572070+03:00] app.INFO: Profile Dispatched [] {"uid":"a2c2406"}
[2020-02-09T11:01:43.560857+03:00] app.INFO: Profile Dispatched [] {"uid":"3db5c12"}
[2020-02-09T11:03:21.771153+03:00] app.INFO: Profile Dispatched [] {"uid":"d891de6"}
[2020-02-09T11:03:24.523383+03:00] app.INFO: Profile Dispatched [] {"uid":"7f5e13b"}
[2020-02-09T11:06:42.491031+03:00] app.INFO: Profile Dispatched [] {"uid":"d6d0e71"}
[2020-02-09T11:06:44.776232+03:00] app.INFO: Profile Dispatched [] {"uid":"bdfe90e"}
[2020-02-09T11:07:36.042849+03:00] app.INFO: Profile Dispatched [] {"uid":"a215502"}
[2020-02-09T11:07:36.981709+03:00] app.INFO: Profile Dispatched [] {"uid":"386b240"}
[2020-02-09T11:07:39.619268+03:00] app.INFO: Profile Dispatched [] {"uid":"c645030"}
[2020-02-09T11:07:42.606965+03:00] app.INFO: Profile Dispatched [] {"uid":"67e89a7"}
[2020-02-09T11:07:44.989594+03:00] app.INFO: Profile Dispatched [] {"uid":"a9419dc"}
[2020-02-09T11:08:38.220335+03:00] app.INFO: Profile Dispatched [] {"uid":"73a4216"}
[2020-02-09T11:08:41.447811+03:00] app.INFO: Profile Dispatched [] {"uid":"06f73d6"}
[2020-02-09T11:08:49.899582+03:00] app.INFO: Profile Dispatched [] {"uid":"a748bc1"}
[2020-02-09T11:08:59.618801+03:00] app.INFO: Profile Dispatched [] {"uid":"a73175b"}
[2020-02-09T11:09:18.706788+03:00] app.INFO: Profile Dispatched [] {"uid":"1ca9fb8"}
[2020-02-09T11:15:15.144971+03:00] app.INFO: Profile Dispatched [] {"uid":"16e1782"}
[2020-02-09T11:30:53.885602+03:00] app.INFO: Profile Dispatched [] {"uid":"c095a6f"}
[2020-02-09T11:36:54.514622+03:00] app.INFO: Profile Dispatched [] {"uid":"fa3358f"}
[2020-02-09T11:42:18.804009+03:00] app.INFO: Profile Failed [] {"uid":"4fd65b1"}
[2020-02-09T11:42:39.610611+03:00] app.INFO: Profile Dispatched [] {"uid":"32276ce"}
[2020-02-09T11:42:44.681839+03:00] app.INFO: Profile Dispatched [] {"uid":"bd85603"}
[2020-02-09T11:43:14.416185+03:00] app.INFO: Profile Dispatched [] {"uid":"e30137f"}
[2020-02-09T11:43:17.982017+03:00] app.INFO: Profile Dispatched [] {"uid":"418461b"}
[2020-02-09T11:43:53.613290+03:00] app.INFO: Profile Dispatched [] {"uid":"25a7bc6"}
[2020-02-09T11:43:57.510514+03:00] app.INFO: Profile Failed [] {"uid":"18c3996"}
[2020-02-09T11:44:08.872146+03:00] app.INFO: Profile Failed [] {"uid":"c6b1d03"}
[2020-02-09T11:44:08.910658+03:00] app.INFO: Profile Dispatched [] {"uid":"b2628ef"}
[2020-02-09T11:44:16.215524+03:00] app.INFO: Profile Dispatched [] {"uid":"19ca268"}
[2020-02-09T11:44:19.893929+03:00] app.INFO: Profile Failed [] {"uid":"9950f58"}
[2020-02-09T11:44:19.942729+03:00] app.INFO: Profile Dispatched [] {"uid":"34da036"}
[2020-02-09T11:44:34.725320+03:00] app.INFO: Profile Failed [] {"uid":"6fa4a2f"}
[2020-02-09T11:44:34.816598+03:00] app.INFO: Profile Dispatched [] {"uid":"2003856"}
[2020-02-09T11:44:55.865794+03:00] app.INFO: Profile Dispatched [] {"uid":"0c6d3a6"}
[2020-02-09T11:47:22.727393+03:00] app.INFO: Profile Dispatched [] {"uid":"05a7483"}
[2020-02-09T11:47:45.931273+03:00] app.INFO: Profile Dispatched [] {"uid":"89093b2"}
[2020-02-09T11:47:50.758262+03:00] app.INFO: Profile Failed [] {"uid":"1a3f54e"}
[2020-02-09T11:47:50.808550+03:00] app.INFO: Profile Dispatched [] {"uid":"e2da15b"}
[2020-02-09T11:50:01.788679+03:00] app.INFO: Profile Dispatched [] {"uid":"cb6f065"}
[2020-02-09T11:51:04.473908+03:00] app.INFO: Profile Dispatched [] {"uid":"782b5d6"}
[2020-02-09T11:51:07.575458+03:00] app.INFO: Profile Failed [] {"uid":"6dc5817"}
[2020-02-09T11:51:07.608733+03:00] app.INFO: Profile Dispatched [] {"uid":"b84b31f"}
[2020-02-09T11:52:16.206903+03:00] app.INFO: Profile Dispatched [] {"uid":"72607dd"}
[2020-02-12T19:19:21.392086+03:00] app.INFO: Home page action dispatched [] {"uid":"0e6292b"}
[2020-02-12T19:19:26.149885+03:00] app.INFO: Home page action dispatched [] {"uid":"dd59c64"}
[2020-02-12T19:19:26.519287+03:00] app.INFO: List Reports Page Dispatched [] {"uid":"3cb36a2"}
[2020-02-12T19:19:27.202037+03:00] app.INFO: Home page action dispatched [] {"uid":"8ff482d"}
[2020-02-12T19:19:27.685610+03:00] app.INFO: Home page action dispatched [] {"uid":"d18aaba"}
[2020-02-12T19:19:28.673481+03:00] app.INFO: Profile Dispatched [] {"uid":"57b016c"}
[2020-02-12T19:23:53.589648+03:00] app.INFO: Profile Dispatched [] {"uid":"011dcb7"}
[2020-02-12T19:23:58.533696+03:00] app.INFO: Profile Failed [] {"uid":"3fed966"}
[2020-02-12T19:23:58.559144+03:00] app.INFO: Profile Dispatched [] {"uid":"69123a3"}
[2020-02-12T19:25:26.994766+03:00] app.INFO: Profile Failed [] {"uid":"65bf572"}
[2020-02-12T19:25:27.041779+03:00] app.INFO: Profile Dispatched [] {"uid":"79e08a9"}
[2020-02-12T19:25:31.622607+03:00] app.INFO: Profile Dispatched [] {"uid":"9bc2e8e"}
[2020-02-12T19:25:32.880992+03:00] app.INFO: Profile Dispatched [] {"uid":"5f3058a"}
[2020-02-12T19:28:08.421618+03:00] app.INFO: Profile Dispatched [] {"uid":"6c2e70b"}
[2020-02-12T19:28:09.709036+03:00] app.INFO: Profile Dispatched [] {"uid":"bf6d702"}
[2020-02-12T19:28:22.529448+03:00] app.INFO: Profile Failed [] {"uid":"070cd1e"}
[2020-02-12T19:28:22.548837+03:00] app.INFO: Profile Dispatched [] {"uid":"70d5ce8"}
[2020-02-12T19:28:49.838179+03:00] app.INFO: Profile Dispatched [] {"uid":"846687e"}
[2020-02-12T19:30:44.367975+03:00] app.INFO: Profile Dispatched [] {"uid":"b448b50"}
[2020-02-12T19:31:51.371356+03:00] app.INFO: Profile Dispatched [] {"uid":"1b83793"}
[2020-02-12T19:34:11.485260+03:00] app.INFO: Profile Dispatched [] {"uid":"53f5f3d"}
[2020-02-12T19:34:13.755728+03:00] app.INFO: Profile Failed [] {"uid":"0517f92"}
[2020-02-12T19:34:13.797859+03:00] app.INFO: Profile Dispatched [] {"uid":"396069a"}
[2020-02-12T19:34:16.179734+03:00] app.INFO: Profile Dispatched [] {"uid":"4446824"}
[2020-02-12T19:34:19.534818+03:00] app.INFO: Profile Failed [] {"uid":"0466db1"}
[2020-02-12T19:34:19.585535+03:00] app.INFO: Profile Dispatched [] {"uid":"a38437a"}
[2020-02-12T19:34:50.317111+03:00] app.INFO: Profile Dispatched [] {"uid":"b0ed9ab"}
[2020-02-12T19:34:53.083259+03:00] app.INFO: Profile Dispatched [] {"uid":"c27f017"}
[2020-02-12T19:35:08.210075+03:00] app.INFO: Profile Dispatched [] {"uid":"156373c"}
[2020-02-12T19:35:29.507047+03:00] app.INFO: Profile Dispatched [] {"uid":"4f32597"}
[2020-02-12T19:35:36.662717+03:00] app.INFO: Profile Dispatched [] {"uid":"88723ee"}
[2020-02-12T19:38:34.600635+03:00] app.INFO: Profile Dispatched [] {"uid":"acab936"}
[2020-02-12T19:40:47.072893+03:00] app.INFO: Profile Dispatched [] {"uid":"a55ba1a"}
[2020-02-12T19:42:07.858204+03:00] app.INFO: Profile Dispatched [] {"uid":"d0a2872"}
[2020-02-12T19:52:17.063712+03:00] app.INFO: Profile Failed [] {"uid":"2dfece5"}
[2020-02-12T19:52:17.097232+03:00] app.INFO: Profile Dispatched [] {"uid":"180dbe1"}
[2020-02-12T19:53:37.754851+03:00] app.INFO: Profile Dispatched [] {"uid":"25a4f3b"}
[2020-02-12T19:53:42.183677+03:00] app.INFO: Profile Failed [] {"uid":"e541ab5"}
[2020-02-12T19:53:42.191792+03:00] app.INFO: Profile Dispatched [] {"uid":"90df5d0"}
[2020-02-12T19:54:28.117861+03:00] app.INFO: Profile Dispatched [] {"uid":"8673f10"}
[2020-02-12T19:54:31.472552+03:00] app.INFO: Profile Failed [] {"uid":"81eb238"}
[2020-02-12T19:54:31.549468+03:00] app.INFO: Profile Dispatched [] {"uid":"e016144"}
[2020-02-12T19:57:12.432396+03:00] app.INFO: Profile Dispatched [] {"uid":"b225981"}
[2020-02-12T20:01:59.716079+03:00] app.INFO: Profile Dispatched [] {"uid":"2139737"}
[2020-02-12T20:07:07.170415+03:00] app.INFO: Profile Dispatched [] {"uid":"7f1dfde"}
[2020-02-12T20:07:27.974601+03:00] app.INFO: Profile Dispatched [] {"uid":"605f29e"}
[2020-02-12T20:07:34.369913+03:00] app.INFO: Profile Updated [] {"uid":"823e8e4"}
[2020-02-12T20:07:34.378756+03:00] app.INFO: Profile Dispatched [] {"uid":"2f0a1b0"}
[2020-02-12T20:07:36.280384+03:00] app.INFO: Profile Dispatched [] {"uid":"98a4634"}
[2020-02-12T20:07:39.757510+03:00] app.INFO: Profile Updated [] {"uid":"3f32388"}
[2020-02-12T20:07:39.807861+03:00] app.INFO: Profile Dispatched [] {"uid":"bca2723"}
[2020-02-12T20:07:42.717926+03:00] app.INFO: Profile Updated [] {"uid":"7f34c91"}
[2020-02-12T20:07:42.755230+03:00] app.INFO: Profile Dispatched [] {"uid":"6e418a7"}
[2020-02-12T20:07:46.203163+03:00] app.INFO: Profile Dispatched [] {"uid":"2df2b68"}
[2020-02-12T20:07:56.502021+03:00] app.INFO: Profile Updated [] {"uid":"7adf736"}
[2020-02-12T20:07:56.509369+03:00] app.INFO: Profile Dispatched [] {"uid":"9311084"}
[2020-02-12T20:08:03.291387+03:00] app.INFO: Profile Updated [] {"uid":"fc1bbd9"}
[2020-02-12T20:08:03.295934+03:00] app.INFO: Profile Dispatched [] {"uid":"ae5cb43"}
[2020-02-12T20:08:21.731236+03:00] app.INFO: Home page action dispatched [] {"uid":"355d1ce"}
[2020-02-12T20:08:23.696113+03:00] app.INFO: Profile Dispatched [] {"uid":"0cbc31f"}
[2020-02-12T20:09:19.487555+03:00] app.INFO: Profile Dispatched [] {"uid":"3b3d6a2"}
[2020-02-12T20:09:24.014188+03:00] app.INFO: Profile Updated [] {"uid":"529b266"}
[2020-02-12T20:09:24.018898+03:00] app.INFO: Profile Dispatched [] {"uid":"3293d77"}
[2020-02-12T20:09:30.561501+03:00] app.INFO: Home page action dispatched [] {"uid":"9cbc5b2"}
[2020-02-12T20:09:33.163697+03:00] app.INFO: Profile Dispatched [] {"uid":"bf93d63"}
[2020-02-12T20:11:06.389705+03:00] app.INFO: Profile Dispatched [] {"uid":"512c1cd"}
[2020-02-12T20:12:15.151722+03:00] app.INFO: Profile Dispatched [] {"uid":"34de8e7"}
[2020-02-12T20:12:19.868538+03:00] app.INFO: Profile Updated [] {"uid":"af264a5"}
[2020-02-12T20:12:19.873210+03:00] app.INFO: Profile Dispatched [] {"uid":"a17f675"}
[2020-02-12T20:16:53.438400+03:00] app.INFO: Home page action dispatched [] {"uid":"647c1b3"}
[2020-02-12T20:16:57.374434+03:00] app.INFO: Home page action dispatched [] {"uid":"6750618"}
[2020-02-12T20:16:58.655004+03:00] app.INFO: Profile Dispatched [] {"uid":"6f79dff"}
[2020-02-12T20:17:08.994715+03:00] app.INFO: Profile Updated [] {"uid":"e8fe859"}
[2020-02-12T20:17:09.004701+03:00] app.INFO: Profile Dispatched [] {"uid":"e307a02"}
[2020-02-12T20:20:19.421261+03:00] app.INFO: Home page action dispatched [] {"uid":"0f3e80d"}
[2020-02-12T20:20:42.181264+03:00] app.INFO: Home page action dispatched [] {"uid":"aeb66ac"}
[2020-02-12T20:20:44.569198+03:00] app.INFO: Profile Dispatched [] {"uid":"e8192b3"}
[2020-02-12T20:20:50.935561+03:00] app.INFO: Profile Updated [] {"uid":"28299eb"}
[2020-02-12T20:20:50.939689+03:00] app.INFO: Profile Dispatched [] {"uid":"77f5f95"}
[2020-02-12T20:20:56.447378+03:00] app.INFO: Profile Dispatched [] {"uid":"7bd80dd"}
[2020-02-12T20:27:54.028067+03:00] app.INFO: Profile Dispatched [] {"uid":"c2b6b7b"}
[2020-02-12T20:27:57.059739+03:00] app.INFO: Profile Updated [] {"uid":"596bfce"}
[2020-02-12T20:27:57.064163+03:00] app.INFO: Profile Dispatched [] {"uid":"963b0ec"}
[2020-02-12T20:28:06.007766+03:00] app.INFO: Profile Dispatched [] {"uid":"f1bfd8d"}
[2020-02-12T20:28:10.312432+03:00] app.INFO: Home page action dispatched [] {"uid":"adae239"}
[2020-02-12T20:28:22.720934+03:00] app.INFO: Profile Updated [] {"uid":"bb5b38b"}
[2020-02-12T20:28:22.725176+03:00] app.INFO: Profile Dispatched [] {"uid":"452127b"}
[2020-02-12T20:28:28.460280+03:00] app.INFO: Home page action dispatched [] {"uid":"468d3b2"}
[2020-02-12T20:28:36.877191+03:00] app.INFO: Home page action dispatched [] {"uid":"90da1b7"}
[2020-02-12T20:28:38.751835+03:00] app.INFO: Profile Dispatched [] {"uid":"598c2df"}
[2020-02-12T20:28:42.512819+03:00] app.INFO: Profile Updated [] {"uid":"e420b6c"}
[2020-02-12T20:28:42.517438+03:00] app.INFO: Profile Dispatched [] {"uid":"fa4c9ee"}
[2020-02-12T20:29:03.576173+03:00] app.INFO: Home page action dispatched [] {"uid":"75f2c58"}
[2020-02-12T20:29:10.473240+03:00] app.INFO: View Report {"reportID":1} Page Dispatched [] {"uid":"2942eff"}
[2020-02-12T20:29:13.698206+03:00] app.INFO: View Report {"reportID":1} Page Dispatched [] {"uid":"15a3eb6"}
[2020-02-12T20:29:15.358324+03:00] app.INFO: List Reports Page Dispatched [] {"uid":"1290c3e"}
[2020-02-12T20:29:15.855556+03:00] app.INFO: Profile Dispatched [] {"uid":"d038fd6"}
[2020-02-12T20:29:20.832904+03:00] app.INFO: List Reports Page Dispatched [] {"uid":"d0dac58"}
[2020-02-12T20:29:21.614976+03:00] app.INFO: Profile Dispatched [] {"uid":"e7f1770"}
[2020-02-12T20:29:24.367294+03:00] app.INFO: Profile Dispatched [] {"uid":"d0170ff"}
[2020-02-12T20:29:25.609303+03:00] app.INFO: List Reports Page Dispatched [] {"uid":"b22b4c9"}
